06/May/2021:19:06:22 +0000 -
06/May/2021:19:06:22 +0000 -
06/May/2021:19:06:25 +0000 -
06/May/2021:19:06:25 +0000 -
06/May/2021:19:06:28 +0000 -
06/May/2021:19:06:28 +0000 -
06/May/2021:19:06:31 +0000 -
06/May/2021:19:06:31 +0000 -
06/May/2021:19:06:33 +0000 -
06/May/2021:19:06:34 +0000 -
06/May/2021:19:06:37 +0000 -
06/May/2021:19:06:38 +0000 -
06/May/2021:19:06:40 +0000 -
06/May/2021:19:06:41 +0000 -
06/May/2021:19:06:43 +0000 -
06/May/2021:19:06:44 +0000 -
06/May/2021:19:06:46 +0000 -
06/May/2021:19:06:47 +0000 -
06/May/2021:19:06:49 +0000 -
06/May/2021:19:06:50 +0000 -
06/May/2021:19:06:52 +0000 -
06/May/2021:19:06:53 +0000 -
06/May/2021:19:06:55 +0000 -
06/May/2021:19:06:56 +0000 -
06/May/2021:19:06:58 +0000 -
06/May/2021:19:06:59 +0000 -
06/May/2021:19:07:01 +0000 -
06/May/2021:19:07:02 +0000 -
06/May/2021:19:07:04 +0000 -
06/May/2021:19:07:05 +0000 -
06/May/2021:19:07:07 +0000 -
06/May/2021:19:07:08 +0000 -
06/May/2021:19:07:10 +0000 -
06/May/2021:19:07:11 +0000 -
06/May/2021:19:07:13 +0000 -
06/May/2021:19:07:14 +0000 -
06/May/2021:19:07:16 +0000 -
06/May/2021:19:07:17 +0000 -
06/May/2021:19:07:19 +0000 -
06/May/2021:19:07:20 +0000 -
06/May/2021:19:07:22 +0000 -
06/May/2021:19:07:23 +0000 -
06/May/2021:19:07:25 +0000 -
06/May/2021:19:07:26 +0000 -
06/May/2021:19:07:28 +0000 -
06/May/2021:19:07:29 +0000 -
06/May/2021:19:07:31 +0000 -
06/May/2021:19:07:32 +0000 -
06/May/2021:19:07:34 +0000 -
06/May/2021:19:07:35 +0000 -
06/May/2021:19:07:37 +0000 -
06/May/2021:19:07:38 +0000 -
06/May/2021:19:07:40 +0000 -
06/May/2021:19:07:41 +0000 -
06/May/2021:19:07:43 +0000 -
06/May/2021:19:07:44 +0000 -
06/May/2021:19:07:46 +0000 -
06/May/2021:19:07:47 +0000 -
06/May/2021:19:07:49 +0000 -
06/May/2021:19:07:50 +0000 -
06/May/2021:19:07:52 +0000 -
06/May/2021:19:07:53 +0000 -
06/May/2021:19:07:55 +0000 -
06/May/2021:19:07:56 +0000 -
06/May/2021:19:07:58 +0000 -
06/May/2021:19:07:59 +0000 -
06/May/2021:19:08:01 +0000 -
06/May/2021:19:08:02 +0000 -
06/May/2021:19:08:04 +0000 -
06/May/2021:19:08:05 +0000 -
06/May/2021:19:08:07 +0000 -
06/May/2021:19:08:08 +0000 -
06/May/2021:19:08:10 +0000 -
06/May/2021:19:08:11 +0000 -
06/May/2021:19:08:13 +0000 -
06/May/2021:19:08:14 +0000 -
06/May/2021:19:08:16 +0000 -
06/May/2021:19:08:17 +0000 -
06/May/2021:19:08:19 +0000 -
06/May/2021:19:08:20 +0000 -
06/May/2021:19:08:22 +0000 -
06/May/2021:19:08:23 +0000 -
06/May/2021:19:08:26 +0000 -
06/May/2021:19:08:29 +0000 -
06/May/2021:19:08:32 +0000 -
06/May/2021:19:08:35 +0000 -
06/May/2021:19:08:38 +0000 -
06/May/2021:19:08:41 +0000 -
06/May/2021:19:08:44 +0000 -
06/May/2021:19:08:47 +0000 -
06/May/2021:19:08:50 +0000 -
06/May/2021:19:08:51 +0000 -
06/May/2021:19:08:53 +0000 -
06/May/2021:19:08:56 +0000 -
06/May/2021:19:08:59 +0000 -
06/May/2021:19:09:02 +0000 -
06/May/2021:19:09:05 +0000 -
06/May/2021:19:09:08 +0000 -
06/May/2021:19:09:11 +0000 -
06/May/2021:19:09:14 +0000 -
06/May/2021:19:09:17 +0000 -
06/May/2021:19:09:20 +0000 -
06/May/2021:19:09:23 +0000 -
06/May/2021:19:09:26 +0000 -
06/May/2021:19:09:29 +0000 -
06/May/2021:19:09:32 +0000 -
06/May/2021:19:09:35 +0000 -
06/May/2021:19:09:38 +0000 -
06/May/2021:19:09:39 +0000 -
06/May/2021:19:09:40 +0000 -
06/May/2021:19:09:41 +0000 -
06/May/2021:19:09:44 +0000 -
06/May/2021:19:09:44 +0000 -
06/May/2021:19:09:47 +0000 -
06/May/2021:19:09:47 +0000 -
06/May/2021:19:09:50 +0000 -
06/May/2021:19:09:50 +0000 -
06/May/2021:19:09:53 +0000 -
06/May/2021:19:09:53 +0000 -
06/May/2021:19:09:56 +0000 -
06/May/2021:19:09:56 +0000 -
06/May/2021:19:09:59 +0000 -
06/May/2021:19:09:59 +0000 -
06/May/2021:19:10:02 +0000 -
06/May/2021:19:10:02 +0000 -
06/May/2021:19:10:05 +0000 -
06/May/2021:19:10:05 +0000 -
06/May/2021:19:10:08 +0000 -
06/May/2021:19:10:08 +0000 -
06/May/2021:19:10:11 +0000 -
06/May/2021:19:10:11 +0000 -
06/May/2021:19:10:14 +0000 -
06/May/2021:19:10:14 +0000 -
06/May/2021:19:10:17 +0000 -
06/May/2021:19:10:17 +0000 -
06/May/2021:19:10:20 +0000 -
06/May/2021:19:10:20 +0000 -
06/May/2021:19:10:23 +0000 -
06/May/2021:19:10:23 +0000 -
06/May/2021:19:10:26 +0000 -
06/May/2021:19:10:26 +0000 -
06/May/2021:19:10:29 +0000 -
06/May/2021:19:10:29 +0000 -
06/May/2021:19:10:32 +0000 -
06/May/2021:19:10:32 +0000 -
06/May/2021:19:10:35 +0000 -
06/May/2021:19:10:35 +0000 -
06/May/2021:19:10:38 +0000 -
06/May/2021:19:10:38 +0000 -
06/May/2021:19:10:41 +0000 -
06/May/2021:19:10:41 +0000 -
06/May/2021:19:10:44 +0000 -
06/May/2021:19:10:44 +0000 -
06/May/2021:19:10:48 +0000 - -
06/May/2021:19:10:48 +0000 - -
06/May/2021:19:10:50 +0000 - -
06/May/2021:19:10:50 +0000 - -
06/May/2021:19:10:53 +0000 - -
06/May/2021:19:10:53 +0000 - -
06/May/2021:19:10:56 +0000 - -
06/May/2021:19:10:56 +0000 - -
06/May/2021:19:10:59 +0000 - -
06/May/2021:19:10:59 +0000 - -
06/May/2021:19:11:02 +0000 - -
06/May/2021:19:11:02 +0000 - -
06/May/2021:19:11:05 +0000 - -
06/May/2021:19:11:05 +0000 - -
06/May/2021:19:11:08 +0000 - -
06/May/2021:19:11:08 +0000 - -
06/May/2021:19:11:11 +0000 - -
06/May/2021:19:11:11 +0000 - -
06/May/2021:19:11:14 +0000 - -
06/May/2021:19:11:14 +0000 - -
06/May/2021:19:11:17 +0000 - -
06/May/2021:19:11:17 +0000 - -
06/May/2021:19:11:20 +0000 - -
06/May/2021:19:11:20 +0000 - -
06/May/2021:19:11:23 +0000 - -
06/May/2021:19:11:23 +0000 - -
06/May/2021:19:11:26 +0000 - -
06/May/2021:19:11:26 +0000 - -
06/May/2021:19:11:29 +0000 - -
06/May/2021:19:11:29 +0000 - -
06/May/2021:19:11:32 +0000 - -
06/May/2021:19:11:32 +0000 - -
06/May/2021:19:11:35 +0000 - -
06/May/2021:19:11:35 +0000 - -
06/May/2021:19:11:38 +0000 - -
06/May/2021:19:11:38 +0000 - -
06/May/2021:19:11:41 +0000 - -
06/May/2021:19:11:41 +0000 - -
06/May/2021:19:11:44 +0000 - -
06/May/2021:19:11:44 +0000 - -
06/May/2021:19:11:47 +0000 - -
06/May/2021:19:11:47 +0000 - -
06/May/2021:19:11:50 +0000 - -
06/May/2021:19:11:50 +0000 - -
06/May/2021:19:11:53 +0000 - -
06/May/2021:19:11:53 +0000 - -
06/May/2021:19:11:56 +0000 - -
06/May/2021:19:11:56 +0000 - -
06/May/2021:19:11:59 +0000 - -
06/May/2021:19:11:59 +0000 - -
06/May/2021:19:12:02 +0000 - -
06/May/2021:19:12:02 +0000 - -
06/May/2021:19:12:05 +0000 - -
06/May/2021:19:12:05 +0000 - -
06/May/2021:19:12:08 +0000 - -
06/May/2021:19:12:08 +0000 - -
06/May/2021:19:12:11 +0000 - -
06/May/2021:19:12:11 +0000 - -
06/May/2021:19:12:14 +0000 - -
06/May/2021:19:12:14 +0000 - -
06/May/2021:19:12:17 +0000 - -
06/May/2021:19:12:17 +0000 - -
06/May/2021:19:12:20 +0000 - -
06/May/2021:19:12:20 +0000 - -
06/May/2021:19:12:23 +0000 - -
06/May/2021:19:12:23 +0000 - -
06/May/2021:19:12:26 +0000 - -
06/May/2021:19:12:26 +0000 - -
06/May/2021:19:12:31 +0000 - -
06/May/2021:19:12:31 +0000 - -
06/May/2021:19:12:32 +0000 - -
06/May/2021:19:12:32 +0000 - -
06/May/2021:19:12:35 +0000 - -
06/May/2021:19:12:35 +0000 - -
06/May/2021:19:12:38 +0000 - -
06/May/2021:19:12:38 +0000 - -
06/May/2021:19:12:41 +0000 - -
06/May/2021:19:12:41 +0000 - -
06/May/2021:19:12:44 +0000 - -
06/May/2021:19:12:44 +0000 - -
06/May/2021:19:12:47 +0000 - -
06/May/2021:19:12:47 +0000 - -
06/May/2021:19:12:50 +0000 - -
06/May/2021:19:12:50 +0000 - -
06/May/2021:19:12:53 +0000 - -
06/May/2021:19:12:53 +0000 - -
06/May/2021:19:12:56 +0000 - -
06/May/2021:19:12:56 +0000 - -
06/May/2021:19:12:59 +0000 - -
06/May/2021:19:12:59 +0000 - -
06/May/2021:19:13:02 +0000 - -
06/May/2021:19:13:02 +0000 - -
06/May/2021:19:13:05 +0000 - -
06/May/2021:19:13:05 +0000 - -
06/May/2021:19:13:08 +0000 - -
06/May/2021:19:13:08 +0000 - -
06/May/2021:19:13:11 +0000 - -
06/May/2021:19:13:11 +0000 - -
06/May/2021:19:13:14 +0000 - -
06/May/2021:19:13:14 +0000 - -
06/May/2021:19:13:17 +0000 - -
06/May/2021:19:13:17 +0000 - -
06/May/2021:19:13:20 +0000 - -
06/May/2021:19:13:20 +0000 - -
06/May/2021:19:13:23 +0000 - -
06/May/2021:19:13:23 +0000 - -
06/May/2021:19:13:26 +0000 - -
06/May/2021:19:13:26 +0000 - -
06/May/2021:19:13:29 +0000 - -
06/May/2021:19:13:29 +0000 - -
06/May/2021:19:13:32 +0000 - -
06/May/2021:19:13:32 +0000 - -
06/May/2021:19:13:35 +0000 - -
06/May/2021:19:13:35 +0000 - -
06/May/2021:19:13:38 +0000 - -
06/May/2021:19:13:38 +0000 - -
06/May/2021:19:13:41 +0000 - -
06/May/2021:19:13:41 +0000 - -
06/May/2021:19:13:44 +0000 - -
06/May/2021:19:13:44 +0000 - -
06/May/2021:19:13:47 +0000 - -
06/May/2021:19:13:50 +0000 - -
06/May/2021:19:13:51 +0000 - -
06/May/2021:19:13:53 +0000 - -
06/May/2021:19:13:56 +0000 - -
06/May/2021:19:13:59 +0000 - -
06/May/2021:19:14:02 +0000 - -
06/May/2021:19:14:05 +0000 - -
06/May/2021:19:14:08 +0000 - -
06/May/2021:19:14:11 +0000 - -
06/May/2021:19:14:14 +0000 - -
06/May/2021:19:14:17 +0000 - -
06/May/2021:19:14:20 +0000 - -
06/May/2021:19:14:23 +0000 - -
06/May/2021:19:14:26 +0000 - -
06/May/2021:19:14:29 +0000 - -
06/May/2021:19:14:32 +0000 - -
06/May/2021:19:14:35 +0000 - -
06/May/2021:19:14:38 +0000 - -
06/May/2021:19:14:39 +0000 - -
06/May/2021:19:14:41 +0000 - -
06/May/2021:19:14:41 +0000 - -
06/May/2021:19:14:44 +0000 - -
06/May/2021:19:14:44 +0000 - -
06/May/2021:19:14:47 +0000 - -
06/May/2021:19:14:47 +0000 - -
06/May/2021:19:14:50 +0000 - -
06/May/2021:19:14:53 +0000 - -
06/May/2021:19:14:53 +0000 - -
06/May/2021:19:14:56 +0000 - -
06/May/2021:19:14:56 +0000 - -
06/May/2021:19:14:59 +0000 - -
06/May/2021:19:14:59 +0000 - -
06/May/2021:19:15:02 +0000 - -
06/May/2021:19:15:02 +0000 - -
06/May/2021:19:15:05 +0000 - -
06/May/2021:19:15:05 +0000 - -
06/May/2021:19:15:08 +0000 - -
06/May/2021:19:15:08 +0000 - -
06/May/2021:19:15:11 +0000 - -
06/May/2021:19:15:11 +0000 - -
06/May/2021:19:15:14 +0000 - -
06/May/2021:19:15:14 +0000 - -
06/May/2021:19:15:17 +0000 - -
06/May/2021:19:15:17 +0000 - -
06/May/2021:19:15:20 +0000 - -
06/May/2021:19:15:20 +0000 - -
06/May/2021:19:15:23 +0000 - -
06/May/2021:19:15:23 +0000 - -
06/May/2021:19:15:26 +0000 - -
06/May/2021:19:15:26 +0000 - -
06/May/2021:19:15:29 +0000 - -
06/May/2021:19:15:29 +0000 - -
06/May/2021:19:15:32 +0000 - -
06/May/2021:19:15:33 +0000 - -
06/May/2021:19:15:35 +0000 - -
06/May/2021:19:15:36 +0000 - -
06/May/2021:19:15:38 +0000 - -
06/May/2021:19:15:39 +0000 - -
06/May/2021:19:15:41 +0000 - -
06/May/2021:19:15:42 +0000 - -
06/May/2021:19:15:44 +0000 - -
06/May/2021:19:15:45 +0000 - -
06/May/2021:19:15:47 +0000 - -
06/May/2021:19:15:48 +0000 - -
06/May/2021:19:15:50 +0000 - -
06/May/2021:19:15:51 +0000 - -
06/May/2021:19:15:53 +0000 - -
06/May/2021:19:15:54 +0000 - -
06/May/2021:19:15:56 +0000 - -
06/May/2021:19:15:57 +0000 - -
06/May/2021:19:15:59 +0000 - -
06/May/2021:19:16:00 +0000 - -
06/May/2021:19:16:02 +0000 - -
06/May/2021:19:16:03 +0000 - -
06/May/2021:19:16:05 +0000 - -
06/May/2021:19:16:06 +0000 - -
06/May/2021:19:16:08 +0000 - -
06/May/2021:19:16:09 +0000 - -
06/May/2021:19:16:11 +0000 - -
06/May/2021:19:16:12 +0000 - -
06/May/2021:19:16:16 +0000 - -
06/May/2021:19:16:17 +0000 - -
06/May/2021:19:16:18 +0000 - -
06/May/2021:19:16:20 +0000 - -
06/May/2021:19:16:21 +0000 - -
06/May/2021:19:16:23 +0000 - -
06/May/2021:19:16:24 +0000 - -
06/May/2021:19:16:26 +0000 - -
06/May/2021:19:16:27 +0000 - -
06/May/2021:19:16:30 +0000 - -
06/May/2021:19:16:33 +0000 - -
06/May/2021:19:16:36 +0000 - -
06/May/2021:19:16:39 +0000 - -
06/May/2021:19:16:42 +0000 - -
06/May/2021:19:16:45 +0000 - -
06/May/2021:19:16:48 +0000 - -
06/May/2021:19:16:51 +0000 - -
06/May/2021:19:16:51 +0000 - -
06/May/2021:19:16:54 +0000 - -
06/May/2021:19:16:57 +0000 - -
06/May/2021:19:17:00 +0000 - -
06/May/2021:19:17:03 +0000 - -
06/May/2021:19:17:06 +0000 - -
06/May/2021:19:17:09 +0000 - -
06/May/2021:19:17:12 +0000 - -
06/May/2021:19:17:15 +0000 - -
06/May/2021:19:17:18 +0000 - -
06/May/2021:19:17:21 +0000 - -
06/May/2021:19:17:24 +0000 - -
06/May/2021:19:17:27 +0000 - -
06/May/2021:19:17:30 +0000 - -
06/May/2021:19:17:33 +0000 - -
06/May/2021:19:17:36 +0000 - -
06/May/2021:19:17:39 +0000 - -
06/May/2021:19:17:42 +0000 - -
06/May/2021:19:17:45 +0000 - -
06/May/2021:19:17:48 +0000 - -
06/May/2021:19:17:51 +0000 - -
06/May/2021:19:17:51 +0000 - -
06/May/2021:19:17:54 +0000 - -
06/May/2021:19:17:57 +0000 - -
06/May/2021:19:18:00 +0000 - -
06/May/2021:19:18:03 +0000 - -
06/May/2021:19:18:06 +0000 - -
06/May/2021:19:18:09 +0000 - -
06/May/2021:19:18:12 +0000 - -
06/May/2021:19:18:15 +0000 - -
06/May/2021:19:18:18 +0000 - -
06/May/2021:19:18:21 +0000 - -
06/May/2021:19:18:24 +0000 - -
06/May/2021:19:18:27 +0000 - -
06/May/2021:19:18:30 +0000 - -
06/May/2021:19:18:33 +0000 - -
06/May/2021:19:18:36 +0000 - -
06/May/2021:19:18:39 +0000 - -
06/May/2021:19:18:42 +0000 - -
06/May/2021:19:18:45 +0000 - -
06/May/2021:19:18:48 +0000 - -
06/May/2021:19:18:51 +0000 - -
06/May/2021:19:18:51 +0000 - -
06/May/2021:19:18:54 +0000 - -
06/May/2021:19:18:57 +0000 - -
06/May/2021:19:19:00 +0000 - -
06/May/2021:19:19:03 +0000 - -
06/May/2021:19:19:06 +0000 - -
06/May/2021:19:19:09 +0000 - -
06/May/2021:19:19:12 +0000 - -
06/May/2021:19:19:15 +0000 - -
06/May/2021:19:19:18 +0000 - -
06/May/2021:19:19:21 +0000 - -
06/May/2021:19:19:24 +0000 - -
06/May/2021:19:19:27 +0000 - -
06/May/2021:19:19:30 +0000 - -
06/May/2021:19:19:33 +0000 - -
06/May/2021:19:19:36 +0000 - -
06/May/2021:19:19:39 +0000 - -
06/May/2021:19:19:42 +0000 - -
06/May/2021:19:19:45 +0000 - -
06/May/2021:19:19:48 +0000 - -
06/May/2021:19:19:51 +0000 - -
06/May/2021:19:19:51 +0000 - -
06/May/2021:19:19:54 +0000 - -
06/May/2021:19:19:57 +0000 - -
06/May/2021:19:20:00 +0000 - -
06/May/2021:19:20:03 +0000 - -
06/May/2021:19:20:06 +0000 - -
06/May/2021:19:20:09 +0000 - -
06/May/2021:19:20:12 +0000 - -
06/May/2021:19:20:15 +0000 - -
06/May/2021:19:20:18 +0000 - -
06/May/2021:19:20:21 +0000 - -
06/May/2021:19:20:24 +0000 - -
06/May/2021:19:20:27 +0000 - -
06/May/2021:19:20:30 +0000 - -
06/May/2021:19:20:33 +0000 - -
06/May/2021:19:20:36 +0000 - -
06/May/2021:19:20:39 +0000 - -
06/May/2021:19:20:42 +0000 - -
06/May/2021:19:20:45 +0000 - -
06/May/2021:19:20:48 +0000 - -
06/May/2021:19:20:51 +0000 - -
06/May/2021:19:20:51 +0000 - -
06/May/2021:19:20:54 +0000 - -
06/May/2021:19:20:57 +0000 - -
06/May/2021:19:21:00 +0000 - -
06/May/2021:19:21:03 +0000 - -
06/May/2021:19:21:06 +0000 - -
06/May/2021:19:21:09 +0000 - -
06/May/2021:19:21:12 +0000 - -
06/May/2021:19:21:15 +0000 - -
06/May/2021:19:21:18 +0000 - -
06/May/2021:19:21:21 +0000 - -
06/May/2021:19:21:24 +0000 - -
06/May/2021:19:21:27 +0000 - -
06/May/2021:19:21:30 +0000 - -
06/May/2021:19:21:36 +0000 - -
06/May/2021:19:21:39 +0000 - -
06/May/2021:19:21:42 +0000 - -
06/May/2021:19:21:45 +0000 - -
06/May/2021:19:21:48 +0000 - -
06/May/2021:19:21:51 +0000 - -
06/May/2021:19:21:51 +0000 - -
06/May/2021:19:21:54 +0000 - -
06/May/2021:19:21:57 +0000 - -
06/May/2021:19:22:00 +0000 - -
06/May/2021:19:22:03 +0000 - -
06/May/2021:19:22:06 +0000 - -
06/May/2021:19:22:09 +0000 8 -
06/May/2021:19:22:12 +0000 8 -
06/May/2021:19:22:15 +0000 8 -
06/May/2021:19:22:18 +0000 8 -
06/May/2021:19:22:21 +0000 8 -
06/May/2021:19:22:24 +0000 8 -
06/May/2021:19:22:27 +0000 8 -
06/May/2021:19:22:30 +0000 8 -
06/May/2021:19:22:33 +0000 8 -
06/May/2021:19:22:36 +0000 8 -
06/May/2021:19:22:39 +0000 8 -
06/May/2021:19:22:42 +0000 8 -
06/May/2021:19:22:45 +0000 8 -
06/May/2021:19:22:48 +0000 8 -
06/May/2021:19:22:51 +0000 8 -
06/May/2021:19:22:51 +0000 - -
06/May/2021:19:22:54 +0000 8 -
06/May/2021:19:22:57 +0000 8 -
06/May/2021:19:23:00 +0000 8 -
06/May/2021:19:23:03 +0000 8 -
06/May/2021:19:23:06 +0000 8 -
06/May/2021:19:23:09 +0000 8 -
06/May/2021:19:23:15 +0000  -
06/May/2021:19:23:18 +0000  -
06/May/2021:19:23:21 +0000  -
06/May/2021:19:23:23 +0000  -
06/May/2021:19:23:28 +0000  -
06/May/2021:19:23:31 +0000  -
06/May/2021:19:23:35 +0000  -
06/May/2021:19:23:38 +0000  -
06/May/2021:19:23:41 +0000  -
06/May/2021:19:23:44 +0000  -
06/May/2021:19:23:49 +0000  -
06/May/2021:19:23:51 +0000 - -
06/May/2021:19:23:52 +0000  -
06/May/2021:19:23:55 +0000  -
06/May/2021:19:23:58 +0000  -
06/May/2021:19:24:02 +0000  -
06/May/2021:19:24:05 +0000  -
06/May/2021:19:24:08 +0000  -
06/May/2021:19:24:10 +0000  -
06/May/2021:19:24:15 +0000  -
06/May/2021:19:24:18 +0000  -
06/May/2021:19:24:21 +0000  -
06/May/2021:19:24:24 +0000  -
06/May/2021:19:24:29 +0000  -
06/May/2021:19:24:32 +0000  -
06/May/2021:19:24:35 +0000  -
06/May/2021:19:24:38 +0000  -
06/May/2021:19:24:41 +0000  -
06/May/2021:19:24:44 +0000  -
06/May/2021:19:24:47 +0000  -
06/May/2021:19:24:50 +0000  -
06/May/2021:19:24:51 +0000 - -
06/May/2021:19:24:53 +0000  -
06/May/2021:19:24:56 +0000  -
06/May/2021:19:24:59 +0000  -
06/May/2021:19:25:02 +0000  -
06/May/2021:19:25:05 +0000  -
06/May/2021:19:25:08 +0000  -
06/May/2021:19:25:11 +0000  -
06/May/2021:19:25:14 +0000  -
06/May/2021:19:26:06 +0000  -
06/May/2021:19:26:08 +0000  -
06/May/2021:19:26:11 +0000  -
06/May/2021:19:26:14 +0000  -
06/May/2021:19:26:17 +0000  -
06/May/2021:19:26:20 +0000  -
06/May/2021:19:26:23 +0000  -
06/May/2021:19:26:26 +0000  -
06/May/2021:19:26:29 +0000  -
06/May/2021:19:26:32 +0000  -
06/May/2021:19:26:35 +0000  -
06/May/2021:19:26:38 +0000  -
06/May/2021:19:26:41 +0000  -
06/May/2021:19:26:44 +0000  -
06/May/2021:19:26:47 +0000  -
06/May/2021:19:26:50 +0000  -
06/May/2021:19:26:51 +0000 - -
06/May/2021:19:26:53 +0000  -
06/May/2021:19:26:56 +0000  -
06/May/2021:19:26:59 +0000  -
06/May/2021:19:27:02 +0000  -
06/May/2021:19:27:05 +0000  -
06/May/2021:19:27:08 +0000  -
06/May/2021:19:27:11 +0000  -
06/May/2021:19:27:14 +0000  -
06/May/2021:19:27:17 +0000  -
06/May/2021:19:27:20 +0000  -
06/May/2021:19:27:25 +0000  -
06/May/2021:19:27:51 +0000 - -
06/May/2021:19:28:21 +0000 8 -
06/May/2021:19:28:25 +0000 8 -
06/May/2021:19:28:28 +0000 8 -
06/May/2021:19:28:30 +0000 8 -
06/May/2021:19:28:34 +0000 8 -
06/May/2021:19:28:37 +0000 8 -
06/May/2021:19:28:39 +0000 8 -
06/May/2021:19:28:42 +0000 8 -
06/May/2021:19:28:45 +0000 8 -
06/May/2021:19:28:48 +0000 8 -
06/May/2021:19:28:51 +0000 - -
06/May/2021:19:28:52 +0000 8 -
06/May/2021:19:28:55 +0000 8 -
06/May/2021:19:28:58 +0000 8 -
06/May/2021:19:29:01 +0000 8 -
06/May/2021:19:29:04 +0000 8 -
06/May/2021:19:29:07 +0000 8 -
06/May/2021:19:29:10 +0000 8 -
06/May/2021:19:29:13 +0000 8 -
06/May/2021:19:29:16 +0000 8 -
06/May/2021:19:29:19 +0000 8 -
06/May/2021:19:29:25 +0000;8;-
06/May/2021:19:29:28 +0000;8;-
06/May/2021:19:29:30 +0000;8;-
06/May/2021:19:29:33 +0000;8;-
06/May/2021:19:29:36 +0000;8;-
06/May/2021:19:29:40 +0000;8;-
06/May/2021:19:29:43 +0000;8;-
06/May/2021:19:29:46 +0000;8;-
06/May/2021:19:29:49 +0000;8;-
06/May/2021:19:29:51 +0000;-;-
06/May/2021:19:29:52 +0000;8;-
06/May/2021:19:29:55 +0000;8;-
06/May/2021:19:29:58 +0000;8;-
06/May/2021:19:30:01 +0000;8;-
06/May/2021:19:30:04 +0000;8;-
06/May/2021:19:30:07 +0000;8;-
06/May/2021:19:30:12 +0000;8;593
06/May/2021:19:30:13 +0000;8;593
06/May/2021:19:30:15 +0000;8;593
06/May/2021:19:30:18 +0000;8;593
06/May/2021:19:30:22 +0000;8;593
06/May/2021:19:30:25 +0000;8;593
06/May/2021:19:30:28 +0000;8;593
06/May/2021:19:30:31 +0000;8;593
06/May/2021:19:30:34 +0000;8;593
06/May/2021:19:30:37 +0000;8;593
06/May/2021:19:30:40 +0000;8;593
06/May/2021:19:30:43 +0000;8;593
06/May/2021:19:30:46 +0000;8;593
06/May/2021:19:30:49 +0000;8;593
06/May/2021:19:30:51 +0000;-;-
06/May/2021:19:30:52 +0000;8;593
06/May/2021:19:30:55 +0000;8;593
06/May/2021:19:30:58 +0000;8;593
06/May/2021:19:31:01 +0000;8;593
06/May/2021:19:31:04 +0000;8;593
06/May/2021:19:31:07 +0000;8;593
06/May/2021:19:31:10 +0000;8;593
06/May/2021:19:31:13 +0000;8;593
06/May/2021:19:31:16 +0000;8;593
06/May/2021:19:31:19 +0000;8;593
06/May/2021:19:31:21 +0000;8;593
06/May/2021:19:31:25 +0000;8;593
06/May/2021:19:31:28 +0000;8;593
06/May/2021:19:31:31 +0000;8;593
06/May/2021:19:31:34 +0000;8;593
06/May/2021:19:31:37 +0000;8;593
06/May/2021:19:31:40 +0000;8;593
06/May/2021:19:31:43 +0000;8;593
06/May/2021:19:31:46 +0000;8;593
06/May/2021:19:31:49 +0000;8;593
06/May/2021:19:31:51 +0000;-;-
06/May/2021:19:31:52 +0000;8;593
06/May/2021:19:31:55 +0000;8;593
06/May/2021:19:31:58 +0000;8;593
06/May/2021:19:32:01 +0000;8;593
06/May/2021:19:32:04 +0000;8;593
06/May/2021:19:32:07 +0000;8;593
06/May/2021:19:32:10 +0000;8;593
06/May/2021:19:32:13 +0000;8;593
06/May/2021:19:32:16 +0000;8;593
06/May/2021:19:32:19 +0000;8;593
06/May/2021:19:32:22 +0000;8;593
06/May/2021:19:32:25 +0000;8;593
06/May/2021:19:32:28 +0000;8;593
06/May/2021:19:32:31 +0000;8;593
06/May/2021:19:32:34 +0000;8;593
06/May/2021:19:32:37 +0000;8;593
06/May/2021:19:32:40 +0000;8;593
06/May/2021:19:32:43 +0000;8;593
06/May/2021:19:32:46 +0000;8;593
06/May/2021:19:32:49 +0000;8;593
06/May/2021:19:32:51 +0000;-;-
06/May/2021:19:32:52 +0000;8;593
06/May/2021:19:32:55 +0000;8;593
06/May/2021:19:32:58 +0000;8;593
06/May/2021:19:33:01 +0000;8;593
06/May/2021:19:33:04 +0000;8;593
06/May/2021:19:33:07 +0000;8;593
06/May/2021:19:33:09 +0000;8;593
06/May/2021:19:33:12 +0000;8;593
06/May/2021:19:33:15 +0000;8;593
06/May/2021:19:33:18 +0000;8;593
06/May/2021:19:33:21 +0000;8;593
06/May/2021:19:33:24 +0000;8;593
06/May/2021:19:33:27 +0000;8;593
06/May/2021:19:33:31 +0000;8;593
06/May/2021:19:33:34 +0000;8;593
06/May/2021:19:33:37 +0000;8;593
06/May/2021:19:33:39 +0000;8;593
06/May/2021:19:33:45 +0000;8;593
06/May/2021:19:33:50 +0000;8;593
06/May/2021:19:33:51 +0000;-;-
06/May/2021:19:33:55 +0000;8;593
06/May/2021:19:34:00 +0000;8;593
06/May/2021:19:34:05 +0000;8;593
06/May/2021:19:34:10 +0000;8;593
06/May/2021:19:34:15 +0000;8;593
06/May/2021:19:34:20 +0000;8;593
06/May/2021:19:34:25 +0000;8;593
06/May/2021:19:34:30 +0000;8;593
06/May/2021:19:34:35 +0000;8;593
06/May/2021:19:34:40 +0000;8;593
06/May/2021:19:34:45 +0000;8;593
06/May/2021:19:34:50 +0000;8;593
06/May/2021:19:34:51 +0000;-;-
06/May/2021:19:34:55 +0000;8;593
06/May/2021:19:35:00 +0000;8;593
06/May/2021:19:35:05 +0000;8;593
06/May/2021:19:35:10 +0000;8;593
06/May/2021:19:35:15 +0000;8;593
06/May/2021:19:35:20 +0000;8;593
06/May/2021:19:35:25 +0000;8;593
06/May/2021:19:35:30 +0000;8;593
06/May/2021:19:35:35 +0000;8;593
06/May/2021:19:35:40 +0000;8;593
06/May/2021:19:35:45 +0000;8;593
06/May/2021:19:35:50 +0000;8;593
06/May/2021:19:35:51 +0000;-;-
06/May/2021:19:35:55 +0000;8;593
06/May/2021:19:36:00 +0000;8;593
06/May/2021:19:36:05 +0000;8;593
06/May/2021:19:36:10 +0000;8;593
06/May/2021:19:36:15 +0000;8;593
06/May/2021:19:36:21 +0000;8;593
06/May/2021:19:36:26 +0000;8;593
06/May/2021:19:36:31 +0000;8;593
06/May/2021:19:36:36 +0000;8;593
06/May/2021:19:36:41 +0000;8;593
06/May/2021:19:36:46 +0000;8;593
06/May/2021:19:36:51 +0000;8;593
06/May/2021:19:36:51 +0000;-;-
06/May/2021:19:36:56 +0000;8;593
06/May/2021:19:37:01 +0000;8;593
06/May/2021:19:37:06 +0000;8;593
06/May/2021:19:37:11 +0000;8;593
06/May/2021:19:37:16 +0000;8;593
06/May/2021:19:37:24 +0000;8;593
06/May/2021:19:37:29 +0000;8;593
06/May/2021:19:37:34 +0000;8;593
06/May/2021:19:37:39 +0000;8;593
06/May/2021:19:37:51 +0000;-;-
06/May/2021:19:38:51 +0000;-;-
06/May/2021:19:39:51 +0000;-;-
06/May/2021:19:40:51 +0000;-;-
06/May/2021:19:41:51 +0000;-;-
06/May/2021:19:42:51 +0000;-;-
06/May/2021:19:43:51 +0000;-;-
06/May/2021:19:44:51 +0000;-;-
06/May/2021:19:45:51 +0000;-;-
06/May/2021:19:46:51 +0000;-;-
06/May/2021:19:47:51 +0000;-;-
06/May/2021:19:48:51 +0000;-;-
06/May/2021:19:49:51 +0000;-;-
06/May/2021:19:50:51 +0000;-;-
06/May/2021:19:51:51 +0000;-;-
06/May/2021:19:52:51 +0000;-;-
06/May/2021:19:53:51 +0000;-;-
06/May/2021:19:54:51 +0000;-;-
06/May/2021:19:55:51 +0000;-;-
06/May/2021:19:56:51 +0000;-;-
06/May/2021:19:57:51 +0000;-;-
06/May/2021:19:58:51 +0000;-;-
06/May/2021:19:59:51 +0000;-;-
06/May/2021:20:00:51 +0000;-;-
06/May/2021:20:01:51 +0000;-;-
06/May/2021:20:02:51 +0000;-;-
06/May/2021:20:03:51 +0000;-;-
06/May/2021:20:04:51 +0000;-;-
06/May/2021:20:05:51 +0000;-;-
06/May/2021:20:06:51 +0000;-;-
06/May/2021:20:07:51 +0000;-;-
06/May/2021:20:08:51 +0000;-;-
06/May/2021:20:09:51 +0000;-;-
06/May/2021:20:10:51 +0000;-;-
06/May/2021:20:11:51 +0000;-;-
06/May/2021:20:12:51 +0000;-;-
06/May/2021:20:13:51 +0000;-;-
06/May/2021:20:14:50 +0000;;296
06/May/2021:20:14:51 +0000;-;-
06/May/2021:20:14:55 +0000;;296
06/May/2021:20:15:00 +0000;;296
06/May/2021:20:15:05 +0000;;296
06/May/2021:20:15:51 +0000;-;-
06/May/2021:20:16:51 +0000;-;-
06/May/2021:20:17:21 +0000;;589
06/May/2021:20:17:26 +0000;;589
06/May/2021:20:17:31 +0000;;589
06/May/2021:20:17:36 +0000;;589
06/May/2021:20:17:51 +0000;-;-
06/May/2021:20:18:51 +0000;-;-
06/May/2021:20:18:56 +0000;;150
06/May/2021:20:19:01 +0000;;150
06/May/2021:20:19:06 +0000;;150
06/May/2021:20:19:11 +0000;;150
06/May/2021:20:19:51 +0000;-;-
06/May/2021:20:19:52 +0000;8;780
06/May/2021:20:19:57 +0000;8;780
06/May/2021:20:20:02 +0000;8;780
06/May/2021:20:20:07 +0000;8;780
06/May/2021:20:20:51 +0000;-;-
06/May/2021:20:21:51 +0000;-;-
06/May/2021:20:22:51 +0000;-;-
06/May/2021:20:23:51 +0000;-;-
06/May/2021:20:24:51 +0000;-;-
06/May/2021:20:25:51 +0000;-;-
06/May/2021:20:26:51 +0000;-;-
06/May/2021:20:27:51 +0000;-;-
06/May/2021:20:28:51 +0000;-;-
06/May/2021:20:29:51 +0000;-;-
06/May/2021:20:30:51 +0000;-;-
06/May/2021:20:31:51 +0000;-;-
06/May/2021:20:32:51 +0000;-;-
06/May/2021:20:33:51 +0000;-;-
06/May/2021:20:34:51 +0000;-;-
06/May/2021:20:35:51 +0000;-;-
06/May/2021:20:36:51 +0000;-;-
06/May/2021:20:37:51 +0000;-;-
06/May/2021:20:38:51 +0000;-;-
06/May/2021:20:39:13 +0000;8;589
06/May/2021:20:39:18 +0000;8;589
06/May/2021:20:39:23 +0000;8;589
06/May/2021:20:39:28 +0000;8;589
06/May/2021:20:39:51 +0000;-;-
06/May/2021:20:40:51 +0000;-;-
06/May/2021:20:41:51 +0000;-;-
8;780;0
8;780;1
8;780;2
8;780;3
-;-;-
-;-;-
-;-;-
-;-;-
-;-;-
8;780;0
8;780;1
8;780;2
8;780;3
-;-;-
-;-;-
-;-;-
-;-;-
-;-;-
-;-;-
-;-;-
8;377;0
8;377;1
8;377;2
8;377;3
-;-;-
-;-;-
-;-;-
-;-;-
-;-;-
-;-;-
-;-;-
-;-;-
-;-;-
-;-;-
-;-;-
-;-;-
-;-;-
8;858;0
8;858;1
8;858;2
8;858;3
-;-;-
-;-;-
-;-;-
-;-;-
-;-;-
-;-;-
-;-;-
8;780;0
8;780;1
8;780;2
8;780;3
-;-;-
-;-;-
8;780;0
8;780;1
8;780;2
8;780;3
-;-;-
-;-;-
-;-;-
8;780;0
-;-;-
8;780;1
8;780;2
8;780;3
-;-;-
-;-;-
-;-;-
-;-;-
-;-;-
8;780;0
8;780;1
8;780;2
8;780;3
-;-;-
8;780;0
8;780;1
8;780;2
8;780;3
-;-;-
-;-;-
8;780;0
8;780;1
8;780;2
8;780;3
-;-;-
8;780;0
8;780;1
8;780;2
8;780;3
-;-;-
-;-;-
8;780;0
8;780;1
8;780;2
8;780;3
-;-;-
-;-;-
-;-;-
8;780;0
8;780;1
8;780;2
8;780;3
-;-;-
-;-;-
-;-;-
-;-;-
-;-;-
8;780;0
8;780;1
8;780;2
8;780;3
-;-;-
-;-;-
8;780;0
8;780;1
8;780;2
8;780;3
-;-;-
-;-;-
8;780;0
8;780;1
8;780;2
8;780;3
-;-;-
-;-;-
-;-;-
-;-;-
-;-;-
8;780;0
8;780;1
-;-;-
8;780;2
8;780;3
-;-;-
8;32;0
8;32;1
8;32;2
-;-;-
8;32;3
-;-;-
8;377;0
-;-;-
8;377;1
8;377;2
8;377;3
-;-;-
-;-;-
-;-;-
-;-;-
-;-;-
-;-;-
-;-;-
-;-;-
-;-;-
8;3114;0
8;3114;1
8;3114;2
8;3114;3
8;3114;4
8;3114;5
8;3114;6
8;3114;7
8;3114;8
-;-;-
-;-;-
-;-;-
-;-;-
8;47;0
8;47;1
8;47;2
8;47;3
8;47;4
8;47;5
8;47;6
8;47;7
8;47;8
-;-;-
-;-;-
-;-;-
-;-;-
-;-;-
-;-;-
-;-;-
-;-;-
-;-;-
-;-;-
-;-;-
-;-;-
-;-;-
-;-;-
-;-;-
8;136850;0
-;-;-
8;356;0
8;356;1
8;356;2
8;356;3
8;356;4
8;356;5
8;356;6
8;356;7
8;356;8
8;356;0
8;356;1
8;356;2
8;356;3
8;356;4
8;356;5
8;356;6
-;-;-
8;356;7
8;356;8
-;-;-
8;136850;0
8;136850;1
8;136850;2
8;136850;3
8;136850;4
8;136850;5
8;136850;6
8;136850;7
8;136850;8
-;-;-
-;-;-
8;136850;0
8;136850;1
8;136850;2
8;136850;3
8;136850;4
8;136850;5
8;136850;6
8;136850;7
8;136850;8
-;-;-
-;-;-
-;-;-
-;-;-
-;-;-
-;-;-
-;-;-
-;-;-
-;-;-
-;-;-
-;-;-
-;-;-
-;-;-
-;-;-
-;-;-
-;-;-
-;-;-
-;-;-
-;-;-
-;-;-
-;-;-
-;-;-
-;-;-
-;-;-
-;-;-
-;-;-
-;-;-
-;-;-
-;-;-
-;-;-
-;-;-
-;-;-
-;-;-
-;-;-
-;-;-
-;-;-
-;-;-
-;-;-
-;-;-
-;-;-
-;-;-
-;-;-
-;-;-
-;-;-
-;-;-
-;-;-
-;-;-
-;-;-
-;-;-
-;-;-
-;-;-
-;-;-
-;-;-
-;-;-
-;-;-
-;-;-
-;-;-
-;-;-
-;-;-
-;-;-
-;-;-
-;-;-
-;-;-
-;-;-
-;-;-
-;-;-
-;-;-
-;-;-
-;-;-
-;-;-
-;-;-
-;-;-
-;-;-
-;-;-
-;-;-
-;-;-
-;-;-
-;-;-
-;-;-
-;-;-
-;-;-
-;-;-
-;-;-
-;-;-
-;-;-
-;-;-
-;-;-
-;-;-
-;-;-
-;-;-
-;-;-
-;-;-
-;-;-
-;-;-
-;-;-
-;-;-
-;-;-
-;-;-
-;-;-
-;-;-
-;-;-
-;-;-
-;-;-
-;-;-
-;-;-
-;-;-
-;-;-
-;-;-
-;-;-
-;-;-
-;-;-
-;-;-
-;-;-
-;-;-
-;-;-
-;-;-
-;-;-
-;-;-
-;-;-
-;-;-
-;-;-
-;-;-
-;-;-
-;-;-
-;-;-
-;-;-
-;-;-
-;-;-
-;-;-
-;-;-
-;-;-
-;-;-
-;-;-
-;-;-
-;-;-
-;-;-
-;-;-
-;-;-
-;-;-
-;-;-
-;-;-
-;-;-
-;-;-
-;-;-
-;-;-
-;-;-
-;-;-
-;-;-
8;858;0
8;858;1
8;858;2
8;858;3
8;858;4
8;858;5
8;858;6
8;858;7
8;858;8
8;858;0
8;858;1
8;858;2
8;858;3
8;858;4
8;858;5
8;858;6
8;858;7
8;858;8
8;858;0
8;858;1
8;858;2
8;858;3
8;858;4
8;858;5
8;858;6
8;858;7
8;858;8
8;593;0;-;-
8;593;1;-;-
8;593;2;-;-
8;593;3;-;-
8;593;4;-;-
8;593;5;-;-
8;593;6;-;-
8;593;7;-;-
8;593;8;-;-
8;593;15;-;-
8;593;15;star=0;time=Sun%20May%2009%202021%2017:55:38%20GMT+0800%20(%E6%96%B0%E5%8A%A0%E5%9D%A1%E6%A0%87%E5%87%86%E6%97%B6%E9%97%B4);-;-
8;593;15;0;Sun%20May%2009%202021%2017:57:25%20GMT+0800%20(%E6%96%B0%E5%8A%A0%E5%9D%A1%E6%A0%87%E5%87%86%E6%97%B6%E9%97%B4)
8;593;15;0;1620554277841
8;593;15;0;1620554644612
8;150;15;0;1620559550607
8;150;15;0;1620559701163
8,858,15,0,1620564428303
8,858,15,0,1620564818116
8,858,10,0,1620565007116
8,858,10,0,1620565046117
8,858,10,0,1620565249894
8,858,10,0,1620565403833
8,858,10,0,1620565572074
8,858,10,0,1620565746117
8,2762,10,0,1620565994146
8,589,10,0,1620566483424
8,5952,10,0,1620620505052
8,1704,10,0,1620620722722
8,595,10,0,1620620901943
8,3114,10,0,1620621008707
8,1408,10,0,1620621123503
8,4306,10,0,1620621277389
8,4886,99,0,1620634846235
8,4886,99,0,1620634869845
8,4886,0,4,1620634880990
8,4886,10,0,1620634882074
8,1,0,4.5,1620635033430
8,8961,99,0,1620635064623
8,1,10,0,1620635389742
8,4886,10,0,1620635437907
8,293,10,0,1620635529098
8,2571,10,0,1620635628240
611,858,10,0,1620635732866
611,2402,10,0,1620635827622
611,592,10,0,1620636339426
611,1580,10,0,1620636393608
611,356,10,0,1620636483945
611,1704,10,0,1620636595726
611,588,99,0,1620636628643
611,588,10,0,1620636654055
611,588,99,0,1620636818410
611,588,99,0,1620637019384
611,589,99,0,1620637050660
611,296,99,0,1620637107137
8,356,99,0,1620764591410
8,858,99,0,1620764635002
8,356,99,0,1620764655440
8,356,10,0,1620765097153
