nohup: ignoring input
21/05/11 20:30:20 WARN NativeCodeLoader: Unable to load native-hadoop library for your platform... using builtin-java classes where applicable
21/05/11 20:30:20 WARN SparkConf: 
SPARK_WORKER_INSTANCES was detected (set to '1').
This is deprecated in Spark 1.0+.

Please instead use:
 - ./spark-submit with --num-executors to specify the number of executors
 - Or set SPARK_EXECUTOR_INSTANCES
 - spark.executor.instances to configure the number of instances in the spark config.
        
21/05/11 20:30:23 WARN HiveConf: HiveConf of name hive.metastore.local does not exist
21/05/11 20:30:24 WARN Connection: BoneCP specified but not present in CLASSPATH (or one of dependencies)
21/05/11 20:30:24 WARN Connection: BoneCP specified but not present in CLASSPATH (or one of dependencies)
21/05/11 20:30:39 WARN HiveConf: HiveConf of name hive.metastore.local does not exist
21/05/11 20:30:55 WARN ObjectStore: Version information not found in metastore. hive.metastore.schema.verification is not enabled so recording the schema version 1.2.0
21/05/11 20:30:56 WARN ObjectStore: Failed to get database default, returning NoSuchObjectException
21/05/11 20:31:00 WARN HiveConf: HiveConf of name hive.metastore.local does not exist
21/05/11 20:31:01 WARN HiveConf: HiveConf of name hive.metastore.local does not exist
-------------------------------------------
Time: 1620765065000 ms
-------------------------------------------

-------------------------------------------
Time: 1620765065000 ms
-------------------------------------------

-------------------------------------------
Time: 1620765070000 ms
-------------------------------------------

-------------------------------------------
Time: 1620765070000 ms
-------------------------------------------

-------------------------------------------
Time: 1620765075000 ms
-------------------------------------------

-------------------------------------------
Time: 1620765075000 ms
-------------------------------------------

-------------------------------------------
Time: 1620765080000 ms
-------------------------------------------

-------------------------------------------
Time: 1620765080000 ms
-------------------------------------------

-------------------------------------------
Time: 1620765085000 ms
-------------------------------------------

-------------------------------------------
Time: 1620765085000 ms
-------------------------------------------

-------------------------------------------
Time: 1620765090000 ms
-------------------------------------------

-------------------------------------------
Time: 1620765090000 ms
-------------------------------------------

-------------------------------------------
Time: 1620765095000 ms
-------------------------------------------

-------------------------------------------
Time: 1620765095000 ms
-------------------------------------------

-------------------------------------------
Time: 1620765100000 ms
-------------------------------------------
(null,8,356,10,0,1620765097153)

8
-------------------------------------------
Time: 1620765100000 ms
-------------------------------------------
Heartbreak(8,356,10,0,0)

8
10 ; 0 ; 0
3591
1653
1343
1304
1625
1
-------------------------------------------
Time: 1620765105000 ms
-------------------------------------------

-------------------------------------------
Time: 1620765105000 ms
-------------------------------------------

-------------------------------------------
Time: 1620765110000 ms
-------------------------------------------

-------------------------------------------
Time: 1620765110000 ms
-------------------------------------------

-------------------------------------------
Time: 1620765115000 ms
-------------------------------------------

-------------------------------------------
Time: 1620765115000 ms
-------------------------------------------

-------------------------------------------
Time: 1620765120000 ms
-------------------------------------------

-------------------------------------------
Time: 1620765120000 ms
-------------------------------------------

-------------------------------------------
Time: 1620765125000 ms
-------------------------------------------

-------------------------------------------
Time: 1620765125000 ms
-------------------------------------------

-------------------------------------------
Time: 1620765130000 ms
-------------------------------------------

-------------------------------------------
Time: 1620765130000 ms
-------------------------------------------

-------------------------------------------
Time: 1620765135000 ms
-------------------------------------------

-------------------------------------------
Time: 1620765135000 ms
-------------------------------------------

-------------------------------------------
Time: 1620765140000 ms
-------------------------------------------

-------------------------------------------
Time: 1620765140000 ms
-------------------------------------------

